<?xml version="1.0" encoding="UTF-8"?>
<testsuite name="demo.base.BaseDemoTest" tests="1" skipped="0" failures="0" errors="0" timestamp="2022-11-22T09:45:34" hostname="NAMMI-W10" time="0.011">
  <properties/>
  <testcase name="should_return_hello_world()" classname="demo.base.BaseDemoTest" time="0.011"/>
  <system-out><![CDATA[]]></system-out>
  <system-err><![CDATA[]]></system-err>
</testsuite>
